<?xml version="1.0" encoding="UTF-8"?>
<!-- Generated by org.testng.reporters.JUnitXMLReporter -->
<testsuite hostname="ZAMTN-QA01" name="ISOMetrix TestSuite" tests="6" failures="0" timestamp="31 Jul 2017 08:16:05 GMT" time="39.323" errors="0">
  <testcase name="testCancelProcessDuringResetPasswordFromLoginPage" time="0.867" classname="com.isometrix.testscript.LoginScript"/>
  <testcase name="testLoginWithBlank" time="1.481" classname="com.isometrix.testscript.LoginScript"/>
  <testcase name="testLoginWithInValidPassword" time="1.495" classname="com.isometrix.testscript.LoginScript"/>
  <testcase name="testLoginWithInValidUserName" time="1.501" classname="com.isometrix.testscript.LoginScript"/>
  <testcase name="testResetPasswordFromLoginPage" time="1.777" classname="com.isometrix.testscript.LoginScript"/>
  <testcase name="testValidLogin" time="2.143" classname="com.isometrix.testscript.LoginScript"/>
</testsuite> <!-- ISOMetrix TestSuite -->
